<?xml version="1.0" encoding="UTF-8"?>
<testsuite name="org.petstore.api.test.pets.TestPetstatus" tests="2" skipped="0" failures="0" errors="0" timestamp="2020-05-13T00:34:24" hostname="DESKTOP-K04019P" time="3.059">
  <properties/>
  <testcase name="testPetid" classname="org.petstore.api.test.pets.TestPetstatus" time="2.925"/>
  <testcase name="sendAGetRequestAndStoreResponse" classname="org.petstore.api.test.pets.TestPetstatus" time="0.134"/>
  <system-out><![CDATA[]]></system-out>
  <system-err><![CDATA[]]></system-err>
</testsuite>
