<?xml version="1.0" encoding="UTF-8"?>
<testsuite name="org.petstore.api.test.pets.TestPetstatus" tests="2" skipped="0" failures="0" errors="0" timestamp="2020-05-06T14:15:28" hostname="DESKTOP-K04019P" time="2.567">
  <properties/>
  <testcase name="testPetid" classname="org.petstore.api.test.pets.TestPetstatus" time="2.321"/>
  <testcase name="testPetuploadimage" classname="org.petstore.api.test.pets.TestPetstatus" time="0.246"/>
  <system-out><![CDATA[]]></system-out>
  <system-err><![CDATA[]]></system-err>
</testsuite>
