<?xml version="1.0" encoding="UTF-8"?>
<testsuite name="org.petstore.api.test.pets.UpdatePetDetails" tests="2" skipped="0" failures="0" errors="0" timestamp="2020-05-29T17:05:16" hostname="DESKTOP-K04019P" time="2.482">
  <properties/>
  <testcase name="FindByPetID" classname="org.petstore.api.test.pets.UpdatePetDetails" time="2.253"/>
  <testcase name="checkInvalidInput" classname="org.petstore.api.test.pets.UpdatePetDetails" time="0.228"/>
  <system-out><![CDATA[{
    "id": 1234,
    "category": {
        "id": 10,
        "name": "string"
    },
    "name": "doggie",
    "photoUrls": [
        "string"
    ],
    "tags": [
        {
            "id": 0,
            "name": "string"
        }
    ],
    "status": "available"
}
{
    "code": 1,
    "type": "error",
    "message": "Pet not found"
}
]]></system-out>
  <system-err><![CDATA[]]></system-err>
</testsuite>
